INFO [2025-12-03 09:24:11] $x
INFO [2025-12-03 09:24:11] gene_sets
INFO [2025-12-03 09:24:11] 
INFO [2025-12-03 09:24:11] $filename
INFO [2025-12-03 09:24:11] NULL
INFO [2025-12-03 09:24:11] 
INFO [2025-12-03 09:24:11] $fill
INFO [2025-12-03 09:24:11] c("steelblue", "darkorange", "purple")
INFO [2025-12-03 09:24:11] 
INFO [2025-12-03 09:24:11] $alpha
INFO [2025-12-03 09:24:11] [1] 0.5
INFO [2025-12-03 09:24:11] 
INFO [2025-12-03 09:24:11] $cex
INFO [2025-12-03 09:24:11] [1] 1.2
INFO [2025-12-03 09:24:11] 
INFO [2025-12-03 09:24:11] $cat.cex
INFO [2025-12-03 09:24:11] [1] 1.2
INFO [2025-12-03 09:24:11] 
INFO [2025-12-03 09:24:11] $main
INFO [2025-12-03 09:24:11] [1] "DEG Overlap – Cold, Drought, Control contrasts"
INFO [2025-12-03 09:24:11] 
