INFO [2025-12-10 08:18:39] $x
INFO [2025-12-10 08:18:39] list(GSE225916 = genes_225916_cold, GSE76939 = genes_76939_cold)
INFO [2025-12-10 08:18:39] 
INFO [2025-12-10 08:18:39] $filename
INFO [2025-12-10 08:18:39] NULL
INFO [2025-12-10 08:18:39] 
INFO [2025-12-10 08:18:39] $fill
INFO [2025-12-10 08:18:39] c("skyblue", "tomato")
INFO [2025-12-10 08:18:39] 
INFO [2025-12-10 08:18:39] $alpha
INFO [2025-12-10 08:18:39] [1] 0.5
INFO [2025-12-10 08:18:39] 
INFO [2025-12-10 08:18:39] $cex
INFO [2025-12-10 08:18:39] [1] 2
INFO [2025-12-10 08:18:39] 
INFO [2025-12-10 08:18:39] $cat.cex
INFO [2025-12-10 08:18:39] [1] 2
INFO [2025-12-10 08:18:39] 
INFO [2025-12-10 08:18:39] $main
INFO [2025-12-10 08:18:39] [1] "Overlap of STRICT DEGs – Cold vs Control (B73)"
INFO [2025-12-10 08:18:39] 
