INFO [2025-12-10 07:39:12] $x
INFO [2025-12-10 07:39:12] list(GSE40070 = deg_veg_all, GSE76939 = deg_gse769_all)
INFO [2025-12-10 07:39:12] 
INFO [2025-12-10 07:39:12] $filename
INFO [2025-12-10 07:39:12] NULL
INFO [2025-12-10 07:39:12] 
INFO [2025-12-10 07:39:12] $fill
INFO [2025-12-10 07:39:12] c("steelblue", "tomato")
INFO [2025-12-10 07:39:12] 
INFO [2025-12-10 07:39:12] $alpha
INFO [2025-12-10 07:39:12] [1] 0.5
INFO [2025-12-10 07:39:12] 
INFO [2025-12-10 07:39:12] $cex
INFO [2025-12-10 07:39:12] [1] 2
INFO [2025-12-10 07:39:12] 
INFO [2025-12-10 07:39:12] $cat.cex
INFO [2025-12-10 07:39:12] [1] 2
INFO [2025-12-10 07:39:12] 
INFO [2025-12-10 07:39:12] $main
INFO [2025-12-10 07:39:12] [1] "Overlap of DEGs (ALL): GSE40070 vs GSE76939"
INFO [2025-12-10 07:39:12] 
ERROR [2025-12-10 07:39:12] Unexpected parameter length for "fill"
