INFO [2025-12-10 07:44:45] $x
INFO [2025-12-10 07:44:45] list(GSE40070 = genes_40070_strict, GSE76939 = genes_769_strict)
INFO [2025-12-10 07:44:45] 
INFO [2025-12-10 07:44:45] $filename
INFO [2025-12-10 07:44:45] NULL
INFO [2025-12-10 07:44:45] 
INFO [2025-12-10 07:44:45] $fill
INFO [2025-12-10 07:44:45] c("skyblue", "firebrick")
INFO [2025-12-10 07:44:45] 
INFO [2025-12-10 07:44:45] $alpha
INFO [2025-12-10 07:44:45] [1] 0.5
INFO [2025-12-10 07:44:45] 
INFO [2025-12-10 07:44:45] $cex
INFO [2025-12-10 07:44:45] [1] 2
INFO [2025-12-10 07:44:45] 
INFO [2025-12-10 07:44:45] $cat.cex
INFO [2025-12-10 07:44:45] [1] 2
INFO [2025-12-10 07:44:45] 
INFO [2025-12-10 07:44:45] $main
INFO [2025-12-10 07:44:45] [1] "Overlap of STRICT DEGs: GSE40070 vs GSE76939"
INFO [2025-12-10 07:44:45] 
