INFO [2025-12-10 07:40:14] $x
INFO [2025-12-10 07:40:14] list(GSE40070 = deg_veg$strict_DEG_genes, GSE76939 = deg_gse769$strict_DEG_genes)
INFO [2025-12-10 07:40:14] 
INFO [2025-12-10 07:40:14] $filename
INFO [2025-12-10 07:40:14] NULL
INFO [2025-12-10 07:40:14] 
INFO [2025-12-10 07:40:14] $fill
INFO [2025-12-10 07:40:14] c("skyblue", "firebrick")
INFO [2025-12-10 07:40:14] 
INFO [2025-12-10 07:40:14] $alpha
INFO [2025-12-10 07:40:14] [1] 0.5
INFO [2025-12-10 07:40:14] 
INFO [2025-12-10 07:40:14] $cex
INFO [2025-12-10 07:40:14] [1] 2
INFO [2025-12-10 07:40:14] 
INFO [2025-12-10 07:40:14] $cat.cex
INFO [2025-12-10 07:40:14] [1] 2
INFO [2025-12-10 07:40:14] 
INFO [2025-12-10 07:40:14] $main
INFO [2025-12-10 07:40:14] [1] "Overlap of STRICT DEGs: GSE40070 vs GSE76939"
INFO [2025-12-10 07:40:14] 
