INFO [2025-12-10 07:39:33] $x
INFO [2025-12-10 07:39:33] list(GSE40070 = deg_veg$strict_DEG_genes, GSE76939 = deg_gse769$strict_DEG_genes)
INFO [2025-12-10 07:39:33] 
INFO [2025-12-10 07:39:33] $filename
INFO [2025-12-10 07:39:33] NULL
INFO [2025-12-10 07:39:33] 
INFO [2025-12-10 07:39:33] $fill
INFO [2025-12-10 07:39:33] c("skyblue", "firebrick")
INFO [2025-12-10 07:39:33] 
INFO [2025-12-10 07:39:33] $alpha
INFO [2025-12-10 07:39:33] [1] 0.5
INFO [2025-12-10 07:39:33] 
INFO [2025-12-10 07:39:33] $cex
INFO [2025-12-10 07:39:33] [1] 2
INFO [2025-12-10 07:39:33] 
INFO [2025-12-10 07:39:33] $cat.cex
INFO [2025-12-10 07:39:33] [1] 2
INFO [2025-12-10 07:39:33] 
INFO [2025-12-10 07:39:33] $main
INFO [2025-12-10 07:39:33] [1] "Overlap of STRICT DEGs: GSE40070 vs GSE76939"
INFO [2025-12-10 07:39:33] 
