INFO [2025-12-10 07:37:48] $x
INFO [2025-12-10 07:37:48] list(GSE40070 = deg_veg_all, GSE76939 = deg_gse769_all)
INFO [2025-12-10 07:37:48] 
INFO [2025-12-10 07:37:48] $filename
INFO [2025-12-10 07:37:48] NULL
INFO [2025-12-10 07:37:48] 
INFO [2025-12-10 07:37:48] $fill
INFO [2025-12-10 07:37:48] c("steelblue", "tomato")
INFO [2025-12-10 07:37:48] 
INFO [2025-12-10 07:37:48] $alpha
INFO [2025-12-10 07:37:48] [1] 0.5
INFO [2025-12-10 07:37:48] 
INFO [2025-12-10 07:37:48] $cex
INFO [2025-12-10 07:37:48] [1] 2
INFO [2025-12-10 07:37:48] 
INFO [2025-12-10 07:37:48] $cat.cex
INFO [2025-12-10 07:37:48] [1] 2
INFO [2025-12-10 07:37:48] 
INFO [2025-12-10 07:37:48] $main
INFO [2025-12-10 07:37:48] [1] "Overlap of DEGs (ALL): GSE40070 vs GSE76939"
INFO [2025-12-10 07:37:48] 
ERROR [2025-12-10 07:37:48] Unexpected parameter length for "fill"
