INFO [2025-12-03 02:03:28] $x
INFO [2025-12-03 02:03:28] venn_list
INFO [2025-12-03 02:03:28] 
INFO [2025-12-03 02:03:28] $filename
INFO [2025-12-03 02:03:28] NULL
INFO [2025-12-03 02:03:28] 
INFO [2025-12-03 02:03:28] $fill
INFO [2025-12-03 02:03:28] c("skyblue", "tomato")
INFO [2025-12-03 02:03:28] 
INFO [2025-12-03 02:03:28] $alpha
INFO [2025-12-03 02:03:28] [1] 0.5
INFO [2025-12-03 02:03:28] 
INFO [2025-12-03 02:03:28] $cex
INFO [2025-12-03 02:03:28] [1] 1.2
INFO [2025-12-03 02:03:28] 
INFO [2025-12-03 02:03:28] $cat.cex
INFO [2025-12-03 02:03:28] [1] 1.1
INFO [2025-12-03 02:03:28] 
INFO [2025-12-03 02:03:28] $cat.pos
INFO [2025-12-03 02:03:28] c(-20, 20)
INFO [2025-12-03 02:03:28] 
INFO [2025-12-03 02:03:28] $main
INFO [2025-12-03 02:03:28] [1] "Overlap of DEGs: genotype vs vegetative drought response"
INFO [2025-12-03 02:03:28] 
