INFO [2025-12-03 02:04:38] $x
INFO [2025-12-03 02:04:38] venn_list3
INFO [2025-12-03 02:04:38] 
INFO [2025-12-03 02:04:38] $filename
INFO [2025-12-03 02:04:38] NULL
INFO [2025-12-03 02:04:38] 
INFO [2025-12-03 02:04:38] $fill
INFO [2025-12-03 02:04:38] c("skyblue", "tomato", "palegreen")
INFO [2025-12-03 02:04:38] 
INFO [2025-12-03 02:04:38] $alpha
INFO [2025-12-03 02:04:38] [1] 0.5
INFO [2025-12-03 02:04:38] 
INFO [2025-12-03 02:04:38] $cex
INFO [2025-12-03 02:04:38] [1] 1.1
INFO [2025-12-03 02:04:38] 
INFO [2025-12-03 02:04:38] $cat.cex
INFO [2025-12-03 02:04:38] [1] 1
INFO [2025-12-03 02:04:38] 
INFO [2025-12-03 02:04:38] $main
INFO [2025-12-03 02:04:38] [1] "Overlap of DEGs across systems"
INFO [2025-12-03 02:04:38] 
