INFO [2025-12-10 09:19:00] $x
INFO [2025-12-10 09:19:00] list(Cold = cold_genes, Drought = drought_genes, Heat = heat_genes)
INFO [2025-12-10 09:19:00] 
INFO [2025-12-10 09:19:00] $filename
INFO [2025-12-10 09:19:00] NULL
INFO [2025-12-10 09:19:00] 
INFO [2025-12-10 09:19:00] $fill
INFO [2025-12-10 09:19:00] c("skyblue", "gold", "tomato")
INFO [2025-12-10 09:19:00] 
INFO [2025-12-10 09:19:00] $alpha
INFO [2025-12-10 09:19:00] [1] 0.5
INFO [2025-12-10 09:19:00] 
INFO [2025-12-10 09:19:00] $cex
INFO [2025-12-10 09:19:00] [1] 2
INFO [2025-12-10 09:19:00] 
INFO [2025-12-10 09:19:00] $cat.cex
INFO [2025-12-10 09:19:00] [1] 2
INFO [2025-12-10 09:19:00] 
INFO [2025-12-10 09:19:00] $main
INFO [2025-12-10 09:19:00] [1] "Cross-Stress DEG Overlap (Cold / Drought / Heat)"
INFO [2025-12-10 09:19:00] 
